<?xml version="1.0" encoding="UTF-8"?>
<testsuite xmlns:xsi="http://www.w3.org/2001/XMLSchema-instance" xsi:noNamespaceSchemaLocation="https://maven.apache.org/surefire/maven-surefire-plugin/xsd/surefire-test-report-3.0.xsd" version="3.0" name="site.gun.springserver.SpringServerApplicationTests" time="5.024" tests="1" errors="0" skipped="0" failures="0">
  <properties>
[...]
</properties>
  <testcase name="contextLoads" classname="site.gun.springserver.SpringServerApplicationTests" time="0.362">
    <system-out><![CDATA[16:35:57.299 [main] INFO org.springframework.test.context.support.AnnotationConfigContextLoaderUtils -- Could not detect default configuration classes for test class [site.gun.springserver.SpringServerApplicationTests]: SpringServerApplicationTests does not declare any static, non-private, non-final, nested classes annotated with @Configuration.
16:35:57.423 [main] INFO org.springframework.boot.test.context.SpringBootTestContextBootstrapper -- Found @SpringBootConfiguration site.gun.springserver.SpringServerApplication for test class site.gun.springserver.SpringServerApplicationTests

  .   ____          _            __ _ _
 /\\ / ___'_ __ _ _(_)_ __  __ _ \ \ \ \
( ( )\___ | '_ | '_| | '_ \/ _` | \ \ \ \
 \\/  ___)| |_)| | | | | || (_| |  ) ) ) )
  '  |____| .__|_| |_|_| |_\__, | / / / /
 =========|_|==============|___/=/_/_/_/

 :: Spring Boot ::                (v3.3.4)

2024-09-27T16:35:57.776+09:00  INFO 9276 --- [SpringServer] [           main] s.g.s.SpringServerApplicationTests       : Starting SpringServerApplicationTests using Java 17.0.12 with PID 9276 (started by dxschool in C:\Users\dxschool\Desktop\SpringServer)
2024-09-27T16:35:57.777+09:00  INFO 9276 --- [SpringServer] [           main] s.g.s.SpringServerApplicationTests       : No active profile set, falling back to 1 default profile: "default"
2024-09-27T16:35:58.701+09:00  INFO 9276 --- [SpringServer] [           main] .s.d.r.c.RepositoryConfigurationDelegate : Bootstrapping Spring Data JPA repositories in DEFAULT mode.
2024-09-27T16:35:58.849+09:00  INFO 9276 --- [SpringServer] [           main] .s.d.r.c.RepositoryConfigurationDelegate : Finished Spring Data repository scanning in 140 ms. Found 1 JPA repository interface.
2024-09-27T16:35:59.246+09:00  INFO 9276 --- [SpringServer] [           main] o.hibernate.jpa.internal.util.LogHelper  : HHH000204: Processing PersistenceUnitInfo [name: default]
2024-09-27T16:35:59.302+09:00  INFO 9276 --- [SpringServer] [           main] org.hibernate.Version                    : HHH000412: Hibernate ORM core version 6.5.3.Final
2024-09-27T16:35:59.334+09:00  INFO 9276 --- [SpringServer] [           main] o.h.c.internal.RegionFactoryInitiator    : HHH000026: Second-level cache disabled
2024-09-27T16:35:59.653+09:00  INFO 9276 --- [SpringServer] [           main] o.s.o.j.p.SpringPersistenceUnitInfo      : No LoadTimeWeaver setup: ignoring JPA class transformer
2024-09-27T16:35:59.680+09:00  INFO 9276 --- [SpringServer] [           main] com.zaxxer.hikari.HikariDataSource       : HikariPool-1 - Starting...
2024-09-27T16:36:00.127+09:00  INFO 9276 --- [SpringServer] [           main] com.zaxxer.hikari.pool.HikariPool        : HikariPool-1 - Added connection com.mysql.cj.jdbc.ConnectionImpl@223cbf0d
2024-09-27T16:36:00.130+09:00  INFO 9276 --- [SpringServer] [           main] com.zaxxer.hikari.HikariDataSource       : HikariPool-1 - Start completed.
2024-09-27T16:36:00.836+09:00  INFO 9276 --- [SpringServer] [           main] o.h.e.t.j.p.i.JtaPlatformInitiator       : HHH000489: No JTA platform available (set 'hibernate.transaction.jta.platform' to enable JTA platform integration)
2024-09-27T16:36:00.911+09:00  INFO 9276 --- [SpringServer] [           main] j.LocalContainerEntityManagerFactoryBean : Initialized JPA EntityManagerFactory for persistence unit 'default'
2024-09-27T16:36:01.214+09:00  INFO 9276 --- [SpringServer] [           main] r$InitializeUserDetailsManagerConfigurer : Global AuthenticationManager configured with UserDetailsService bean with name userDetailsServiceImpl
2024-09-27T16:36:01.761+09:00  INFO 9276 --- [SpringServer] [           main] s.g.s.SpringServerApplicationTests       : Started SpringServerApplicationTests in 4.193 seconds (process running for 5.164)
]]></system-out>
  </testcase>
</testsuite>